Operating system: iOS
                  11.4.0 15F79
CPU: arm64
     6 CPUs

Crash reason:  EXC_SOFTWARE / SIGABRT
Crash address: 0x1812452ec

Thread 0 (crashed)
 0  libsystem_kernel.dylib + 0x222ec
     x0 = 0x0000000000000000    x1 = 0x0000000000000000
     x2 = 0x0000000000000000    x3 = 0x0000000000000000
     x4 = 0x0000000000000000    x5 = 0x0000000000000cb7
     x6 = 0x0000000000000000    x7 = 0x0000000000000cb8
     x8 = 0x0000000008000000    x9 = 0x0000000004000000
    x10 = 0x00000001813e6110   x11 = 0x000000000000000a
    x12 = 0x0000000000000000   x13 = 0x0000000000000036
    x14 = 0x0000000000000001   x15 = 0x0000000000000881
    x16 = 0x0000000000000148   x17 = 0x0000000000000000
    x18 = 0x0000000000000000   x19 = 0x0000000000000006
    x20 = 0x00000001b3cf5b40   x21 = 0x0000000000000288
    x22 = 0x0000000000000303   x23 = 0x00000001b3cf5c20
    x24 = 0x00000001b23dc000   x25 = 0x000000018c11c0ed
    x26 = 0x000000018c12299d   x27 = 0x0000000000000001
    x28 = 0x00000000000000e0    fp = 0x000000016f8f5080
     lr = 0x00000001813ea6a8    sp = 0x000000016f8f5050
     pc = 0x00000001812452ec
    Found by: given as instruction pointer in context
 1  libsystem_pthread.dylib + 0x76a4
     fp = 0x000000016f8f50c0    lr = 0x00000001811b3d0c
     sp = 0x000000016f8f5090    pc = 0x00000001813ea6a8
    Found by: previous frame's frame pointer
 2  libsystem_c.dylib + 0x62d08
     fp = 0x000000016f8f5120    lr = 0x0000000181188000
     sp = 0x000000016f8f50d0    pc = 0x00000001811b3d0c
    Found by: previous frame's frame pointer
 3  libsystem_c.dylib + 0x36ffc
     fp = 0x000000016f8f51f0    lr = 0x000000010051d1e8
     sp = 0x000000016f8f5130    pc = 0x0000000181188000
    Found by: previous frame's frame pointer
 4  IOSBreakpad + 0x151e4
     fp = 0x000000016f8f5290    lr = 0x000000010051b334
     sp = 0x000000016f8f5200    pc = 0x000000010051d1e8
    Found by: previous frame's frame pointer
 5  IOSBreakpad + 0x13330
     fp = 0x000000016f8f5480    lr = 0x000000010051b0c0
     sp = 0x000000016f8f52a0    pc = 0x000000010051b334
    Found by: previous frame's frame pointer
 6  IOSBreakpad + 0x130bc
     fp = 0x000000016f8f54e0    lr = 0x000000010051b498
     sp = 0x000000016f8f5490    pc = 0x000000010051b0c0
    Found by: previous frame's frame pointer
 7  IOSBreakpad + 0x13494
     fp = 0x000000016f8f55d0    lr = 0x000000010050e608
     sp = 0x000000016f8f54f0    pc = 0x000000010051b498
    Found by: previous frame's frame pointer
 8  IOSBreakpad + 0x6604
     fp = 0x000000016f8f5610    lr = 0x0000000100510c74
     sp = 0x000000016f8f55e0    pc = 0x000000010050e608
    Found by: previous frame's frame pointer
 9  IOSBreakpad + 0x8c70
     fp = 0x000000016f8f56f0    lr = 0x0000000100510a2c
     sp = 0x000000016f8f5620    pc = 0x0000000100510c74
    Found by: previous frame's frame pointer
10  IOSBreakpad + 0x8a28
     fp = 0x000000016f8f5730    lr = 0x0000000100536164
     sp = 0x000000016f8f5700    pc = 0x0000000100510a2c
    Found by: previous frame's frame pointer
11  IOSBreakpad + 0x2e160
     fp = 0x000000016f8f5790    lr = 0x00000001005360a4
     sp = 0x000000016f8f5740    pc = 0x0000000100536164
    Found by: previous frame's frame pointer
12  IOSBreakpad + 0x2e0a0
     fp = 0x000000016f8f57e0    lr = 0x000000010050d9c8
     sp = 0x000000016f8f57a0    pc = 0x00000001005360a4
    Found by: previous frame's frame pointer
13  IOSBreakpad + 0x59c4
     fp = 0x000000016f8f5860    lr = 0x000000018b3cadbc
     sp = 0x000000016f8f57f0    pc = 0x000000010050d9c8
    Found by: previous frame's frame pointer
14  UIKit + 0x46db8
     fp = 0x000000016f8f5ba0    lr = 0x000000018b3ca1c4
     sp = 0x000000016f8f5870    pc = 0x000000018b3cadbc
    Found by: previous frame's frame pointer
15  UIKit + 0x461c0
     fp = 0x000000016f8f5f90    lr = 0x000000018b3975e0
     sp = 0x000000016f8f5bb0    pc = 0x000000018b3ca1c4
    Found by: previous frame's frame pointer
16  UIKit + 0x135dc
     fp = 0x000000016f8f6130    lr = 0x000000018b9c7b1c
     sp = 0x000000016f8f5fa0    pc = 0x000000018b3975e0
    Found by: previous frame's frame pointer
17  UIKit + 0x643b18
     fp = 0x000000016f8f6160    lr = 0x000000018b396dd0
     sp = 0x000000016f8f6140    pc = 0x000000018b9c7b1c
    Found by: previous frame's frame pointer
18  UIKit + 0x12dcc
     fp = 0x000000016f8f61f0    lr = 0x000000018b396c6c
     sp = 0x000000016f8f6170    pc = 0x000000018b396dd0
    Found by: previous frame's frame pointer
19  UIKit + 0x12c68
     fp = 0x000000016f8f62c0    lr = 0x000000018b395afc
     sp = 0x000000016f8f6200    pc = 0x000000018b396c6c
    Found by: previous frame's frame pointer
20  UIKit + 0x11af8
     fp = 0x000000016f8f6300    lr = 0x000000018c02b84c
     sp = 0x000000016f8f62d0    pc = 0x000000018b395afc
    Found by: previous frame's frame pointer
21  UIKit + 0xca7848
     fp = 0x000000016f8f63c0    lr = 0x000000018b3951ec
     sp = 0x000000016f8f6310    pc = 0x000000018c02b84c
    Found by: previous frame's frame pointer
22  UIKit + 0x111e8
     fp = 0x000000016f8f6470    lr = 0x000000018be10ac8
     sp = 0x000000016f8f63d0    pc = 0x000000018b3951ec
    Found by: previous frame's frame pointer
23  UIKit + 0xa8cac4
     fp = 0x000000016f8f6490    lr = 0x000000018bf5ebf8
     sp = 0x000000016f8f6480    pc = 0x000000018be10ac8
    Found by: previous frame's frame pointer
24  UIKit + 0xbdabf4
     fp = 0x000000016f8f6530    lr = 0x000000018b394c0c
     sp = 0x000000016f8f64a0    pc = 0x000000018bf5ebf8
    Found by: previous frame's frame pointer
25  UIKit + 0x10c08
     fp = 0x000000016f8f66b0    lr = 0x000000018b3945a8
     sp = 0x000000016f8f6540    pc = 0x000000018b394c0c
    Found by: previous frame's frame pointer
26  UIKit + 0x105a4
     fp = 0x000000016f8f6770    lr = 0x000000018b3915e0
     sp = 0x000000016f8f66c0    pc = 0x000000018b3945a8
    Found by: previous frame's frame pointer
27  UIKit + 0xd5dc
     fp = 0x000000016f8f6800    lr = 0x000000018b391330
     sp = 0x000000016f8f6780    pc = 0x000000018b3915e0
    Found by: previous frame's frame pointer
28  UIKit + 0xd32c
     fp = 0x000000016f8f6870    lr = 0x0000000183fbf470
     sp = 0x000000016f8f6810    pc = 0x000000018b391330
    Found by: previous frame's frame pointer
29  FrontBoardServices + 0xc46c
     fp = 0x000000016f8f6950    lr = 0x0000000183fc7d6c
     sp = 0x000000016f8f6880    pc = 0x0000000183fbf470
    Found by: previous frame's frame pointer
30  FrontBoardServices + 0x14d68
     fp = 0x000000016f8f6970    lr = 0x00000001810b0a60
     sp = 0x000000016f8f6960    pc = 0x0000000183fc7d6c
    Found by: previous frame's frame pointer
31  libdispatch.dylib + 0x1a5c
     fp = 0x000000016f8f69b0    lr = 0x00000001810ecb2c
     sp = 0x000000016f8f6980    pc = 0x00000001810b0a60
    Found by: previous frame's frame pointer
32  libdispatch.dylib + 0x3db28
     fp = 0x000000016f8f69d0    lr = 0x0000000183ff3878
     sp = 0x000000016f8f69c0    pc = 0x00000001810ecb2c
    Found by: previous frame's frame pointer
33  FrontBoardServices + 0x40874
     fp = 0x000000016f8f6ae0    lr = 0x0000000183ff351c
     sp = 0x000000016f8f69e0    pc = 0x0000000183ff3878
    Found by: previous frame's frame pointer
34  FrontBoardServices + 0x40518
     fp = 0x000000016f8f6b00    lr = 0x0000000183ff3ab8
     sp = 0x000000016f8f6af0    pc = 0x0000000183ff351c
    Found by: previous frame's frame pointer
35  FrontBoardServices + 0x40ab4
     fp = 0x000000016f8f6b10    lr = 0x0000000181767404
     sp = 0x000000016f8f6b10    pc = 0x0000000183ff3ab8
    Found by: previous frame's frame pointer
36  CoreFoundation + 0xee400
     fp = 0x000000016f8f6b80    lr = 0x0000000181766c2c
     sp = 0x000000016f8f6b20    pc = 0x0000000181767404
    Found by: previous frame's frame pointer
37  CoreFoundation + 0xedc28
     fp = 0x000000016f8f78a0    lr = 0x000000018176479c
     sp = 0x000000016f8f6b90    pc = 0x0000000181766c2c
    Found by: previous frame's frame pointer
38  CoreFoundation + 0xeb798
     fp = 0x000000016f8f7a10    lr = 0x0000000181684da8
     sp = 0x000000016f8f78b0    pc = 0x000000018176479c
    Found by: previous frame's frame pointer
39  CoreFoundation + 0xbda4
     fp = 0x000000016f8f7a70    lr = 0x0000000183669020
     sp = 0x000000016f8f7a20    pc = 0x0000000181684da8
    Found by: previous frame's frame pointer
40  GraphicsServices + 0xb01c
     fp = 0x000000016f8f7ab0    lr = 0x000000018b6a1758
     sp = 0x000000016f8f7a80    pc = 0x0000000183669020
    Found by: previous frame's frame pointer
41  UIKit + 0x31d754
     fp = 0x000000016f8f7af0    lr = 0x000000010050dd6c
     sp = 0x000000016f8f7ac0    pc = 0x000000018b6a1758
    Found by: previous frame's frame pointer
42  IOSBreakpad + 0x5d68
     fp = 0x000000016f8f7b10    lr = 0x0000000181115fc0
     sp = 0x000000016f8f7b00    pc = 0x000000010050dd6c
    Found by: previous frame's frame pointer
43  libdyld.dylib + 0xfbc
     fp = 0x0000000000000000    lr = 0x0000000000000000
     sp = 0x000000016f8f7b20    pc = 0x0000000181115fc0
    Found by: previous frame's frame pointer

Thread 1
 0  libsystem_kernel.dylib + 0x22d84
     x0 = 0x0000000000000100    x1 = 0x000000016f97eb80
     x2 = 0x0000000000000001    x3 = 0x0000000000000000
     x4 = 0x00000001d006d280    x5 = 0x000000000000020f
     x6 = 0x00000001d006a240    x7 = 0x000000000000020e
     x8 = 0x00000001c40eac80    x9 = 0x00000000ffffffff
    x10 = 0x00000001c40eacb8   x11 = 0x0000003700000001
    x12 = 0x0000000000000000   x13 = 0x0000000000000000
    x14 = 0x0000000000000001   x15 = 0x0000000000000007
    x16 = 0x0000000000000170   x17 = 0x0000000000000030
    x18 = 0x0000000000000000   x19 = 0x000000016f97f000
    x20 = 0x00000001c40eac80   x21 = 0x0000000000000021
    x22 = 0x0000000000000001   x23 = 0x00000001b3cf6000
    x24 = 0x00000001b3cf6000   x25 = 0x0000000000000000
    x26 = 0x0000000000000007   x27 = 0x0000000081000000
    x28 = 0x0000000000000001    fp = 0x000000016f97eae0
     lr = 0x00000001813e3eb4    sp = 0x000000016f97ea40
     pc = 0x0000000181245d84
    Found by: given as instruction pointer in context
 1  libsystem_pthread.dylib + 0xeb0
     fp = 0x0000000000000000    lr = 0x00000001813e3b08
     sp = 0x000000016f97eaf0    pc = 0x00000001813e3eb4
    Found by: previous frame's frame pointer
 2  libsystem_pthread.dylib + 0xb04
     fp = 0x0000000000000000    lr = 0x0000000000000000
     sp = 0x000000016f97eaf0    pc = 0x00000001813e3b08
    Found by: previous frame's frame pointer

Thread 2
 0  libsystem_kernel.dylib + 0x22d84
     x0 = 0x0000000000000100    x1 = 0x000000016fa0ab80
     x2 = 0x0000000000000001    x3 = 0x0000000000000000
     x4 = 0x000000018141c5c0    x5 = 0x0000000000000000
     x6 = 0x0000000000000000    x7 = 0x0000000000000403
     x8 = 0x00000001d40f2780    x9 = 0x0000000000000001
    x10 = 0x00000001d40f27b8   x11 = 0x0000003700000001
    x12 = 0x0000000000000000   x13 = 0x0000000000000000
    x14 = 0x0000000000000001   x15 = 0x0000000000000007
    x16 = 0x0000000000000170   x17 = 0x0000000000000030
    x18 = 0x0000000000000000   x19 = 0x000000016fa0b000
    x20 = 0x00000001d40f2780   x21 = 0x0000000000000021
    x22 = 0x0000000000000001   x23 = 0x00000001b3cf6000
    x24 = 0x00000001b3cf6000   x25 = 0x0000000000000000
    x26 = 0x0000000000000007   x27 = 0x0000000081000000
    x28 = 0x0000000000000001    fp = 0x000000016fa0aae0
     lr = 0x00000001813e3eb4    sp = 0x000000016fa0aa40
     pc = 0x0000000181245d84
    Found by: given as instruction pointer in context
 1  libsystem_pthread.dylib + 0xeb0
     fp = 0x0000000000000000    lr = 0x00000001813e3b08
     sp = 0x000000016fa0aaf0    pc = 0x00000001813e3eb4
    Found by: previous frame's frame pointer
 2  libsystem_pthread.dylib + 0xb04
     fp = 0x0000000000000000    lr = 0x0000000000000000
     sp = 0x000000016fa0aaf0    pc = 0x00000001813e3b08
    Found by: previous frame's frame pointer

Thread 3
 0  libsystem_kernel.dylib + 0x22d84
     x0 = 0x0000000000000100    x1 = 0x000000016fa96b80
     x2 = 0x0000000000000001    x3 = 0x0000000000000000
     x4 = 0x00000001d445d040    x5 = 0x0000000000001ee7
     x6 = 0x00000001d404ae00    x7 = 0x0000000000001ee6
     x8 = 0x00000001c40eaa00    x9 = 0x00000000ffffffff
    x10 = 0x00000001c40eaa38   x11 = 0x0000003700000001
    x12 = 0x0000000000000000   x13 = 0x0000000000000000
    x14 = 0x0000000000000001   x15 = 0x0000000000000007
    x16 = 0x0000000000000170   x17 = 0x0000000000000030
    x18 = 0x0000000000000000   x19 = 0x000000016fa97000
    x20 = 0x00000001c40eaa00   x21 = 0x0000000000000021
    x22 = 0x0000000000000001   x23 = 0x00000001b3cf6000
    x24 = 0x00000001b3cf6000   x25 = 0x0000000000000000
    x26 = 0x0000000000000007   x27 = 0x0000000081000000
    x28 = 0x0000000000000001    fp = 0x000000016fa96ae0
     lr = 0x00000001813e3eb4    sp = 0x000000016fa96a40
     pc = 0x0000000181245d84
    Found by: given as instruction pointer in context
 1  libsystem_pthread.dylib + 0xeb0
     fp = 0x0000000000000000    lr = 0x00000001813e3b08
     sp = 0x000000016fa96af0    pc = 0x00000001813e3eb4
    Found by: previous frame's frame pointer
 2  libsystem_pthread.dylib + 0xb04
     fp = 0x0000000000000000    lr = 0x0000000000000000
     sp = 0x000000016fa96af0    pc = 0x00000001813e3b08
    Found by: previous frame's frame pointer

Thread 4
 0  libsystem_kernel.dylib + 0x22d84
     x0 = 0x0000000000000100    x1 = 0x000000016fb22b80
     x2 = 0x0000000000000001    x3 = 0x0000000000000000
     x4 = 0x000000018141c5c0    x5 = 0x0000000000000000
     x6 = 0x0000000000000000    x7 = 0x0000000000000403
     x8 = 0x00000001c40eac80    x9 = 0x0000000000000001
    x10 = 0x00000001c40eacb8   x11 = 0x0000003700000001
    x12 = 0x0000000000000000   x13 = 0x0000000000000000
    x14 = 0x0000000000000001   x15 = 0x0000000000000007
    x16 = 0x0000000000000170   x17 = 0x0000000000000030
    x18 = 0x0000000000000000   x19 = 0x000000016fb23000
    x20 = 0x00000001c40eac80   x21 = 0x0000000000000021
    x22 = 0x0000000000000001   x23 = 0x00000001b3cf6000
    x24 = 0x00000001b3cf6000   x25 = 0x0000000000000000
    x26 = 0x0000000000000007   x27 = 0x0000000081000000
    x28 = 0x0000000000000001    fp = 0x000000016fb22ae0
     lr = 0x00000001813e3eb4    sp = 0x000000016fb22a40
     pc = 0x0000000181245d84
    Found by: given as instruction pointer in context
 1  libsystem_pthread.dylib + 0xeb0
     fp = 0x0000000000000000    lr = 0x00000001813e3b08
     sp = 0x000000016fb22af0    pc = 0x00000001813e3eb4
    Found by: previous frame's frame pointer
 2  libsystem_pthread.dylib + 0xb04
     fp = 0x0000000000000000    lr = 0x0000000000000000
     sp = 0x000000016fb22af0    pc = 0x00000001813e3b08
    Found by: previous frame's frame pointer

Thread 5
 0  libsystem_kernel.dylib + 0x22d84
     x0 = 0x0000000000000040    x1 = 0x000000016fbaeb80
     x2 = 0x0000000000000000    x3 = 0x0000000000000000
     x4 = 0x0000000000002a03    x5 = 0x0000000000000000
     x6 = 0x0000000000000000    x7 = 0x000000000000002e
     x8 = 0x0000000000000000    x9 = 0x0000000000000000
    x10 = 0x0040021000000d00   x11 = 0xffbffe0000000000
    x12 = 0x0000001000000000   x13 = 0x00000001b23d9f38
    x14 = 0x0000007700000001   x15 = 0x0020000000000000
    x16 = 0x0000000000000170   x17 = 0x0000000000000000
    x18 = 0x0000000000000000   x19 = 0x000000016fbaf000
    x20 = 0x00000000001e0021   x21 = 0x0000000000000021
    x22 = 0x0000000000000001   x23 = 0x00000001b3cf6000
    x24 = 0x00000001b3cf6000   x25 = 0x0000000000000000
    x26 = 0x0000000000000007   x27 = 0x0000000003000000
    x28 = 0x0000000000000000    fp = 0x000000016fbaeaf0
     lr = 0x00000001813e3eb4    sp = 0x000000016fbaea50
     pc = 0x0000000181245d84
    Found by: given as instruction pointer in context
 1  libsystem_pthread.dylib + 0xeb0
     fp = 0x0000000000000000    lr = 0x00000001813e3b08
     sp = 0x000000016fbaeb00    pc = 0x00000001813e3eb4
    Found by: previous frame's frame pointer
 2  libsystem_pthread.dylib + 0xb04
     fp = 0x0000000000000000    lr = 0x0000000000000000
     sp = 0x000000016fbaeb00    pc = 0x00000001813e3b08
    Found by: previous frame's frame pointer

Thread 6
 0  libsystem_kernel.dylib + 0xe08
     x0 = 0x000000016fc39d98    x1 = 0x0000000007000806
     x2 = 0x0000000000000000    x3 = 0x0000000000000c00
     x4 = 0x0000000000005103    x5 = 0x00000000ffffffff
     x6 = 0x0000000000000000    x7 = 0x00000000000000cf
     x8 = 0x00000000fffffbbf    x9 = 0x0000000007000000
    x10 = 0x0000000007000000   x11 = 0x0000000000000040
    x12 = 0xffffffffffffffff   x13 = 0x0000000000000001
    x14 = 0x0000000000000000   x15 = 0x0000060000000600
    x16 = 0xffffffffffffffe1   x17 = 0x0000000000000600
    x18 = 0x0000000000000000   x19 = 0x0000000000000000
    x20 = 0x00000000ffffffff   x21 = 0x0000000000005103
    x22 = 0x0000000000000c00   x23 = 0x000000016fc39d98
    x24 = 0x0000000007000806   x25 = 0x0000000000000000
    x26 = 0x0000000007000806   x27 = 0x0000000000000c00
    x28 = 0x0000000000000001    fp = 0x000000016fc39c80
     lr = 0x0000000181223c80    sp = 0x000000016fc39c30
     pc = 0x0000000181223e08
    Found by: given as instruction pointer in context
 1  libsystem_kernel.dylib + 0xc7c
     fp = 0x000000016fc39ce0    lr = 0x0000000181766e40
     sp = 0x000000016fc39c90    pc = 0x0000000181223c80
    Found by: previous frame's frame pointer
 2  CoreFoundation + 0xede3c
     fp = 0x000000016fc3aa00    lr = 0x0000000181764908
     sp = 0x000000016fc39cf0    pc = 0x0000000181766e40
    Found by: previous frame's frame pointer
 3  CoreFoundation + 0xeb904
     fp = 0x000000016fc3ab70    lr = 0x0000000181684da8
     sp = 0x000000016fc3aa10    pc = 0x0000000181764908
    Found by: previous frame's frame pointer
 4  CoreFoundation + 0xbda4
     fp = 0x000000016fc3abd0    lr = 0x00000001820f9674
     sp = 0x000000016fc3ab80    pc = 0x0000000181684da8
    Found by: previous frame's frame pointer
 5  Foundation + 0x8670
     fp = 0x000000016fc3ac20    lr = 0x00000001820f94dc
     sp = 0x000000016fc3abe0    pc = 0x00000001820f9674
    Found by: previous frame's frame pointer
 6  Foundation + 0x84d8
     fp = 0x000000016fc3ac60    lr = 0x000000018b386768
     sp = 0x000000016fc3ac30    pc = 0x00000001820f94dc
    Found by: previous frame's frame pointer
 7  UIKit + 0x2764
     fp = 0x000000016fc3aef0    lr = 0x0000000182209efc
     sp = 0x000000016fc3ac70    pc = 0x000000018b386768
    Found by: previous frame's frame pointer
 8  Foundation + 0x118ef8
     fp = 0x000000016fc3af40    lr = 0x00000001813e5220
     sp = 0x000000016fc3af00    pc = 0x0000000182209efc
    Found by: previous frame's frame pointer
 9  libsystem_pthread.dylib + 0x221c
     fp = 0x000000016fc3af70    lr = 0x00000001813e5110
     sp = 0x000000016fc3af50    pc = 0x00000001813e5220
    Found by: previous frame's frame pointer
10  libsystem_pthread.dylib + 0x210c
     fp = 0x0000000000000000    lr = 0x00000001813e3b10
     sp = 0x000000016fc3af80    pc = 0x00000001813e5110
    Found by: previous frame's frame pointer
11  libsystem_pthread.dylib + 0xb0c
     fp = 0x0000000000000000    lr = 0x0000000000000000
     sp = 0x000000016fc3af80    pc = 0x00000001813e3b10
    Found by: previous frame's frame pointer

Loaded modules:
0x100508000 - 0x10053ffff  IOSBreakpad  ???  (main)  (WARNING: No symbols, IOSBreakpad, 1F054F0ABAE53C00A3E45E04ADD343940)
0x1808f3000 - 0x1808f4fff  libSystem.B.dylib  ???
0x1808f5000 - 0x18094dfff  libc++.1.dylib  ???
0x18094e000 - 0x18096ffff  libc++abi.dylib  ???
0x180970000 - 0x18102bfff  libobjc.A.dylib  ???
0x18102c000 - 0x181031fff  libcache.dylib  ???
0x181032000 - 0x18103dfff  libcommonCrypto.dylib  ???
0x18103e000 - 0x181041fff  libcompiler_rt.dylib  ???
0x181042000 - 0x18104afff  libcopyfile.dylib  ???
0x18104b000 - 0x1810aefff  libcorecrypto.dylib  ???
0x1810af000 - 0x181114fff  libdispatch.dylib  ???  (WARNING: No symbols, libdispatch.dylib, C22CD026D190379DA5D8BC98E09CC0EB0)
0x181115000 - 0x18112ffff  libdyld.dylib  ???  (WARNING: No symbols, libdyld.dylib, C7DEE18AC0193FA2B3904606C2CF7FA30)
0x181130000 - 0x181130fff  liblaunch.dylib  ???
0x181131000 - 0x181136fff  libmacho.dylib  ???
0x181137000 - 0x181138fff  libremovefile.dylib  ???
0x181139000 - 0x18114ffff  libsystem_asl.dylib  ???
0x181150000 - 0x181150fff  libsystem_blocks.dylib  ???
0x181151000 - 0x1811cefff  libsystem_c.dylib  ???  (WARNING: No symbols, libsystem_c.dylib, 4FDFB9BED517340693481047718C8B0B0)
0x1811cf000 - 0x1811d3fff  libsystem_configuration.dylib  ???
0x1811d4000 - 0x1811d9fff  libsystem_containermanager.dylib  ???
0x1811da000 - 0x1811dbfff  libsystem_coreservices.dylib  ???
0x1811dc000 - 0x1811ddfff  libsystem_darwin.dylib  ???
0x1811de000 - 0x1811e4fff  libsystem_dnssd.dylib  ???
0x1811e5000 - 0x181222fff  libsystem_info.dylib  ???
0x181223000 - 0x18124bfff  libsystem_kernel.dylib  ???  (WARNING: No symbols, libsystem_kernel.dylib, 3E7CF8F8DA43301FBA644F28FD8820A40)
0x18124c000 - 0x181279fff  libsystem_m.dylib  ???
0x18127a000 - 0x181295fff  libsystem_malloc.dylib  ???
0x181296000 - 0x1813c1fff  libsystem_network.dylib  ???
0x1813c2000 - 0x1813cdfff  libsystem_networkextension.dylib  ???
0x1813ce000 - 0x1813d8fff  libsystem_notify.dylib  ???
0x1813d9000 - 0x1813e2fff  libsystem_platform.dylib  ???
0x1813e3000 - 0x1813f2fff  libsystem_pthread.dylib  ???  (WARNING: No symbols, libsystem_pthread.dylib, C5A2CC4B897A3109BBF55C74611E34FF0)
0x1813f3000 - 0x1813f6fff  libsystem_sandbox.dylib  ???
0x1813f7000 - 0x1813fefff  libsystem_symptoms.dylib  ???
0x1813ff000 - 0x181412fff  libsystem_trace.dylib  ???
0x181413000 - 0x181418fff  libunwind.dylib  ???
0x181419000 - 0x181419fff  libvminterpose.dylib  ???
0x18141a000 - 0x181444fff  libxpc.dylib  ???
0x181445000 - 0x181666fff  libicucore.A.dylib  ???
0x181667000 - 0x181678fff  libz.1.dylib  ???
0x181679000 - 0x181a0ffff  CoreFoundation  ???  (WARNING: No symbols, CoreFoundation, 533C841ED6E9313D8ADB02388744E2EF0)
0x181a10000 - 0x181a20fff  libbsm.0.dylib  ???
0x181a21000 - 0x181a21fff  libenergytrace.dylib  ???
0x181a22000 - 0x181aa6fff  IOKit  ???
0x181aa7000 - 0x181b8efff  libxml2.2.dylib  ???
0x181b8f000 - 0x181b9cfff  libbz2.1.0.dylib  ???
0x181b9d000 - 0x181bb5fff  liblzma.5.dylib  ???
0x181bb6000 - 0x181d1afff  libsqlite3.dylib  ???
0x181d1b000 - 0x181d41fff  libMobileGestalt.dylib  ???
0x181d42000 - 0x1820f0fff  CFNetwork  ???
0x1820f1000 - 0x1823e9fff  Foundation  ???  (WARNING: No symbols, Foundation, E53F9393BFC83EF58520B0FE6B1931830)
0x1823ea000 - 0x1824eafff  Security  ???
0x1824eb000 - 0x182556fff  SystemConfiguration  ???
0x182557000 - 0x18258cfff  libCRFSuite.dylib  ???
0x18258d000 - 0x18258dfff  libapple_crypto.dylib  ???
0x18258e000 - 0x1825a4fff  libapple_nghttp2.dylib  ???
0x1825a5000 - 0x1825cefff  libarchive.2.dylib  ???
0x1825cf000 - 0x18267dfff  libboringssl.dylib  ???
0x18267e000 - 0x182694fff  libcoretls.dylib  ???
0x182695000 - 0x182696fff  libcoretls_cfhelpers.dylib  ???
0x182697000 - 0x182698fff  liblangid.dylib  ???
0x182699000 - 0x18280ffff  libnetwork.dylib  ???
0x182810000 - 0x182842fff  libpcap.A.dylib  ???
0x182843000 - 0x18289ffff  libusrtcp.dylib  ???
0x1828a0000 - 0x1828aafff  IOSurface  ???
0x1828ab000 - 0x182950fff  libBLAS.dylib  ???
0x182951000 - 0x182c71fff  libLAPACK.dylib  ???
0x182c72000 - 0x182ee1fff  vImage  ???
0x182ee2000 - 0x182ef3fff  libSparseBLAS.dylib  ???
0x182ef4000 - 0x182f18fff  libvMisc.dylib  ???
0x182f19000 - 0x182f40fff  libBNNS.dylib  ???
0x182f41000 - 0x182f55fff  libLinearAlgebra.dylib  ???
0x182f56000 - 0x182f5afff  libQuadrature.dylib  ???
0x182f5b000 - 0x182fcafff  libSparse.dylib  ???
0x182fcb000 - 0x183056fff  libvDSP.dylib  ???
0x183057000 - 0x183057fff  vecLib  ???
0x183058000 - 0x183058fff  Accelerate  ???
0x183059000 - 0x183070fff  libcompression.dylib  ???
0x183071000 - 0x1835b8fff  CoreGraphics  ???
0x1835b9000 - 0x1835befff  IOAccelerator  ???
0x1835bf000 - 0x1835c4fff  libCoreFSCache.dylib  ???
0x1835c5000 - 0x18365dfff  Metal  ???
0x18365e000 - 0x183671fff  GraphicsServices  ???  (WARNING: No symbols, GraphicsServices, 5011EC2511D73A56AF501E8207D549620)
0x183672000 - 0x1837cbfff  MobileCoreServices  ???
0x1837cc000 - 0x1837cefff  IOSurfaceAccelerator  ???
0x1837cf000 - 0x183810fff  AppleJPEG  ???
0x183811000 - 0x183dc1fff  ImageIO  ???
0x183dc2000 - 0x183e25fff  BaseBoard  ???
0x183e26000 - 0x183e3dfff  AssertionServices  ???
0x183e3e000 - 0x183e46fff  CorePhoneNumbers  ???
0x183e47000 - 0x183e8bfff  AppSupport  ???
0x183e8c000 - 0x183ea4fff  CrashReporterSupport  ???
0x183ea5000 - 0x183eaafff  AggregateDictionary  ???
0x183eab000 - 0x183f2ffff  libTelephonyUtilDynamic.dylib  ???
0x183f30000 - 0x183f4ffff  ProtocolBuffer  ???
0x183f50000 - 0x183f7dfff  MobileKeyBag  ???
0x183f7e000 - 0x183fb2fff  BackBoardServices  ???
0x183fb3000 - 0x18400efff  FrontBoardServices  ???  (WARNING: No symbols, FrontBoardServices, B3F8D45A36A23C5E8CC959F932B54C680)
0x18400f000 - 0x18404bfff  SpringBoardServices  ???
0x18404c000 - 0x18405afff  PowerLog  ???
0x18405b000 - 0x184077fff  CommonUtilities  ???
0x184078000 - 0x184083fff  liblockdown.dylib  ???
0x184084000 - 0x184388fff  CoreData  ???
0x184389000 - 0x18438ffff  TCC  ???
0x184390000 - 0x184397fff  libcupolicy.dylib  ???
0x184398000 - 0x184429fff  CoreTelephony  ???
0x18442a000 - 0x184481fff  Accounts  ???
0x184482000 - 0x1844abfff  AppleSauce  ???
0x1844ac000 - 0x1844b4fff  DataMigration  ???
0x1844b5000 - 0x1844bbfff  Netrb  ???
0x1844bc000 - 0x1844eefff  PersistentConnection  ???
0x1844ef000 - 0x184500fff  libmis.dylib  ???
0x184501000 - 0x184606fff  ManagedConfiguration  ???
0x184607000 - 0x18460cfff  libReverseProxyDevice.dylib  ???
0x18460d000 - 0x18461ffff  libamsupport.dylib  ???
0x184620000 - 0x184625fff  libCoreVMClient.dylib  ???
0x184626000 - 0x184627fff  libCVMSPluginSupport.dylib  ???
0x184628000 - 0x18462bfff  libutil.dylib  ???
0x18462c000 - 0x18466cfff  libGLImage.dylib  ???
0x18466d000 - 0x1846e3fff  APFS  ???
0x1846e4000 - 0x184715fff  MediaKit  ???
0x184716000 - 0x18472efff  libSERestoreInfo.dylib  ???
0x184733000 - 0x18476ffff  DiskImages  ???
0x184770000 - 0x184779fff  libGFXShared.dylib  ???
0x18477a000 - 0x1847c1fff  libauthinstall.dylib  ???
0x1847c2000 - 0x1847cafff  IOMobileFramebuffer  ???
0x1847cb000 - 0x1847d6fff  OpenGLES  ???
0x1847d7000 - 0x18485efff  ColorSync  ???
0x18485f000 - 0x184888fff  CoreVideo  ???
0x184889000 - 0x18488afff  libCTGreenTeaLogger.dylib  ???
0x18488b000 - 0x1849f7fff  CoreAudio  ???
0x1849f8000 - 0x184a26fff  CoreAnalytics  ???
0x184a27000 - 0x184a2afff  UserFS  ???
0x184a2b000 - 0x184bb0fff  CoreMedia  ???
0x184bb1000 - 0x184bc3fff  libprotobuf-lite.dylib  ???
0x184bc4000 - 0x184c28fff  libprotobuf.dylib  ???
0x184c29000 - 0x184ef2fff  libAWDSupportFramework.dylib  ???
0x184ef3000 - 0x184f3cfff  WirelessDiagnostics  ???
0x184f3d000 - 0x184ff4fff  VideoToolbox  ???
0x184ff5000 - 0x1850fefff  libFontParser.dylib  ???
0x1850ff000 - 0x185100fff  FontServices  ???
0x185101000 - 0x185254fff  CoreText  ???
0x185255000 - 0x185264fff  IntlPreferences  ???
0x185265000 - 0x18526dfff  RTCReporting  ???
0x18526e000 - 0x1852defff  CoreBrightness  ???
0x1852df000 - 0x1852e9fff  libAudioStatistics.dylib  ???
0x1852ea000 - 0x185822fff  AudioToolbox  ???
0x185823000 - 0x185a56fff  QuartzCore  ???
0x185a57000 - 0x185a62fff  MediaAccessibility  ???
0x185a63000 - 0x185b55fff  libiconv.2.dylib  ???
0x185b56000 - 0x185b71fff  NetworkStatistics  ???
0x185b72000 - 0x185b8dfff  MPSCore  ???
0x185b8e000 - 0x185bf6fff  MPSImage  ???
0x185bf7000 - 0x185c19fff  MPSMatrix  ???
0x185c1a000 - 0x185c28fff  CoreAUC  ???
0x185c29000 - 0x186281fff  MediaToolbox  ???
0x186282000 - 0x1863b1fff  MPSNeuralNetwork  ???
0x1863b2000 - 0x1863b2fff  MetalPerformanceShaders  ???
0x1863b3000 - 0x1867ddfff  FaceCore  ???
0x1867de000 - 0x1867ebfff  GraphVisualizer  ???
0x1867ec000 - 0x186993fff  libFosl_dynamic.dylib  ???
0x186994000 - 0x186bf7fff  CoreImage  ???
0x186bf8000 - 0x186df6fff  CoreMotion  ???
0x186df7000 - 0x186e25fff  CoreBluetooth  ???
0x186e26000 - 0x186e48fff  PlugInKit  ???
0x186e49000 - 0x187074fff  Celestial  ???
0x187075000 - 0x1870f7fff  Quagga  ???
0x1870f8000 - 0x1871eefff  AVFAudio  ???
0x1871ef000 - 0x1873e1fff  AVFoundation  ???
0x1873e2000 - 0x187404fff  CacheDelete  ???
0x187405000 - 0x18742afff  StreamingZip  ???
0x18742b000 - 0x18743cfff  CoreEmoji  ???
0x18743d000 - 0x18748afff  CoreLocationProtobuf  ???
0x18748b000 - 0x187493fff  SymptomDiagnosticReporter  ???
0x187494000 - 0x187d9dfff  GeoServices  ???
0x187d9e000 - 0x187db5fff  MobileAsset  ???
0x187db6000 - 0x187df6fff  Lexicon  ???
0x187df7000 - 0x187e07fff  libcmph.dylib  ???
0x187e08000 - 0x187f29fff  LanguageModeling  ???
0x187f2a000 - 0x187f41fff  libmarisa.dylib  ???
0x187f42000 - 0x187fdbfff  CoreLocation  ???
0x187fdc000 - 0x187fdcfff  PhoneNumbers  ???
0x187fdd000 - 0x187fe8fff  libChineseTokenizer.dylib  ???
0x187fe9000 - 0x188095fff  libmecab_em.dylib  ???
0x188096000 - 0x188097fff  libThaiTokenizer.dylib  ???
0x188098000 - 0x18809cfff  libgermantok.dylib  ???
0x18809d000 - 0x1880f4fff  CoreNLP  ???
0x1880f5000 - 0x1882c6fff  MobileSpotlightIndex  ???
0x188335000 - 0x188eb3fff  JavaScriptCore  ???
0x188eb4000 - 0x188eb9fff  libheimdal-asn1.dylib  ???
0x188eba000 - 0x188f35fff  libate.dylib  ???
0x188f36000 - 0x188feafff  TextureIO  ???
0x188feb000 - 0x1890b7fff  CoreUI  ???
0x1890b8000 - 0x1890c1fff  MobileIcons  ???
0x1890d1000 - 0x189129fff  TextInput  ???
0x18912a000 - 0x189152fff  libxslt.1.dylib  ???
0x189188000 - 0x18921bfff  FileProvider  ???
0x18930e000 - 0x1893e5fff  ProofReader  ???
0x1893e6000 - 0x1893fafff  libAccessibility.dylib  ???
0x1893fb000 - 0x1898a1fff  libwebrtc.dylib  ???
0x1898a2000 - 0x189904fff  ContactsFoundation  ???
0x189905000 - 0x18afd6fff  WebCore  ???
0x18afd7000 - 0x18b15afff  WebKitLegacy  ???
0x18b15b000 - 0x18b183fff  DataAccessExpress  ???
0x18b184000 - 0x18b21efff  AddressBookLegacy  ???
0x18b21f000 - 0x18b27afff  ProtectedCloudStorage  ???
0x18b27b000 - 0x18b2a7fff  UserNotifications  ???
0x18b2a8000 - 0x18b2b3fff  AppleIDAuthSupport  ???
0x18b2b4000 - 0x18b304fff  AuthKit  ???
0x18b32f000 - 0x18b383fff  DocumentManager  ???
0x18b384000 - 0x18c402fff  UIKit  ???  (WARNING: No symbols, UIKit, D9E6D4137FC83C5487AD8918121773630)
0x18c403000 - 0x18c415fff  DocumentManagerCore  ???
0x18c416000 - 0x18c41afff  HangTracer  ???
0x18c41b000 - 0x18c46cfff  PhysicsKit  ???
0x18c46d000 - 0x18c46ffff  StudyLog  ???
0x18c470000 - 0x18c54ffff  UIFoundation  ???
0x18c550000 - 0x18c66efff  CloudKit  ???
0x18c66f000 - 0x18c66ffff  IntentsFoundation  ???
0x18c670000 - 0x18c78dfff  Network  ???
0x18c78e000 - 0x18c995fff  Intents  ???
0x18c996000 - 0x18c9b0fff  libresolv.9.dylib  ???
0x18c9b1000 - 0x18c9b3fff  CoreDuetDebugLogging  ???
0x18c9b4000 - 0x18c9e9fff  libtidy.A.dylib  ???
0x18c9ea000 - 0x18cb19fff  CoreDuet  ???
0x18cb1a000 - 0x18cb39fff  CoreDuetContext  ???
0x18cb3a000 - 0x18cb4efff  CoreDuetDaemonProtocol  ???
0x18cb4f000 - 0x18cbbafff  IMFoundation  ???
0x18cbbb000 - 0x18cbe9fff  vCard  ???
0x18cbea000 - 0x18ccf7fff  Contacts  ???
0x18ccf8000 - 0x18ccf9fff  DiagnosticLogCollection  ???
0x18ccfa000 - 0x18ccfbfff  Marco  ???
0x18ccfc000 - 0x18cd06fff  MessageProtection  ???
0x18cd07000 - 0x18d015fff  StoreServices  ???
0x18d016000 - 0x18d02dfff  Engram  ???
0x18d02e000 - 0x18d11efff  IDSFoundation  ???
0x18d11f000 - 0x18d12afff  CaptiveNetwork  ???
0x18d12b000 - 0x18d159fff  EAP8021X  ???
0x18d15a000 - 0x18d194fff  MobileWiFi  ???
0x18d195000 - 0x18d197fff  OAuth  ???
0x18d198000 - 0x18d19afff  CommonAuth  ???
0x18d19b000 - 0x18d209fff  Heimdal  ???
0x18d20a000 - 0x18d233fff  GSS  ???
0x18d234000 - 0x18d24bfff  ApplePushService  ???
0x18d24c000 - 0x18d2e3fff  AccountsDaemon  ???
0x18d2e4000 - 0x18d308fff  AppleIDSSOAuthentication  ???
0x18d309000 - 0x18d381fff  AppleAccount  ???
0x18d382000 - 0x18d4b9fff  CoreUtils  ???
0x18d4ba000 - 0x18d5d0fff  IDS  ???
0x18d5d1000 - 0x18d5f4fff  MediaServices  ???
0x18d5f5000 - 0x18d7cbfff  MediaRemote  ???
0x18d7cc000 - 0x18d7e4fff  UserManagement  ???
0x18d7e5000 - 0x18d7f4fff  MobileBluetooth  ???
0x18d82b000 - 0x18d850fff  FTAWD  ???
0x18d851000 - 0x18d8a4fff  FTServices  ???
0x18d8a5000 - 0x18d8f6fff  WirelessProximity  ???
0x18d902000 - 0x18d950fff  ChunkingLibrary  ???
0x18d951000 - 0x18d95dfff  libnetworkextension.dylib  ???
0x18e785000 - 0x18e919fff  NetworkExtension  ???
0x18e91a000 - 0x18ed66fff  SiriTTS  ???
0x18ed67000 - 0x18edc1fff  SAObjects  ???
0x18edc2000 - 0x18ee00fff  VoiceServices  ???
0x18ee01000 - 0x18ee31fff  GLKit  ???
0x18ee32000 - 0x18ef19fff  AssistantServices  ???
0x18ef1a000 - 0x18ef38fff  AssetCacheServices  ???
0x18ef39000 - 0x18eff3fff  NetworkServiceProxy  ???
0x18eff4000 - 0x18f0e5fff  MMCS  ???
0x18f0e6000 - 0x18f0f2fff  BluetoothManager  ???
0x18f203000 - 0x18f230fff  PhotosFormats  ???
0x18f320000 - 0x18f439fff  CloudPhotoLibrary  ???
0x18f51d000 - 0x18f547fff  AssetsLibraryServices  ???
0x18f548000 - 0x18f57cfff  ACTFramework  ???
0x18f57d000 - 0x18f59dfff  DCIMServices  ???
0x18f59e000 - 0x18f6d9fff  CoreMediaStream  ???
0x18f6da000 - 0x18f6e1fff  XPCKit  ???
0x18f6e2000 - 0x18f7c6fff  CameraKit  ???
0x18f7c7000 - 0x18f7dffff  CloudPhotoServices  ???
0x18f7ec000 - 0x18f80afff  MediaStream  ???
0x18f80b000 - 0x18fc30fff  PhotoLibraryServices  ???
0x18fc31000 - 0x18fc66fff  PrototypeTools  ???
0x18fc67000 - 0x18fcf0fff  CoreSymbolication  ???
0x18fe25000 - 0x18fed8fff  iTunesStore  ???
0x18fed9000 - 0x18fedffff  libtzupdate.dylib  ???
0x18fee0000 - 0x19004efff  Preferences  ???
0x19004f000 - 0x190056fff  CoreTime  ???
0x190057000 - 0x1901c2fff  CVML  ???
0x1901c3000 - 0x190210fff  CoreAppleCVA  ???
0x190258000 - 0x1903d2fff  AppleCVA  ???
0x1903d3000 - 0x190463fff  Montreal  ???
0x190464000 - 0x190686fff  Espresso  ???
0x19068b000 - 0x1907dcfff  Photos  ???
0x1907dd000 - 0x1909a8fff  CoreML  ???
0x190b6d000 - 0x190b99fff  Futhark  ???
0x190c31000 - 0x190c42fff  BaseBoardUI  ???
0x190edb000 - 0x19113cfff  Vision  ???
0x191662000 - 0x1916a6fff  AXRuntime  ???
0x1916a7000 - 0x1916defff  ScreenReaderCore  ???
0x1916df000 - 0x191703fff  TextToSpeech  ???
0x191704000 - 0x191747fff  CoreMIDI  ???
0x191858000 - 0x19185afff  libAXSafeCategoryBundle.dylib  ???
0x19185b000 - 0x191865fff  libAXSpeechManager.dylib  ???
0x191866000 - 0x191949fff  AccessibilityUtilities  ???
0x191c6e000 - 0x191c6efff  AdSupport  ???
0x192a42000 - 0x192ab5fff  WebInspector  ???
0x192ab6000 - 0x192badfff  ITMLKit  ???
0x19320d000 - 0x193224fff  AccessibilityUIUtilities  ???
0x193472000 - 0x1934cdfff  AXMediaUtilities  ???
0x193695000 - 0x1936abfff  CoreFollowUp  ???
0x193e40000 - 0x193e43fff  FTClientServices  ???
0x1943bf000 - 0x1943ccfff  SetupAssistantSupport  ???
0x1943cd000 - 0x1943f5fff  SetupAssistant  ???
0x1950d1000 - 0x19513efff  IMSharedUtilities  ???
0x1958e6000 - 0x195900fff  MetalKit  ???
0x196958000 - 0x19696afff  MobileDeviceLink  ???
0x196ad2000 - 0x196b19fff  MobileBackup  ???
0x1982d2000 - 0x1982d6fff  AccessibilityUIShared  ???
0x198687000 - 0x19868dfff  AccessibilityUI  ???
0x19c199000 - 0x19c19dfff  libsysdiagnose.dylib  ???
0x19c767000 - 0x19c769fff  SpeakTypingServices  ???
0x19c76a000 - 0x19c76ffff  ZoomServices  ???
0x19e969000 - 0x19e97afff  DeviceIdentity  ???
0x1a16c9000 - 0x1a16d7fff  AccessibilitySettingsLoader  ???
0x1a1d78000 - 0x1a1d8cfff  libCGInterfaces.dylib  ???
0x1a6255000 - 0x1a6258fff  InternationalSupport  ???
0x1aa09d000 - 0x1aa0cdfff  libclosured.dylib  ???
